# #require "yojson" ;; 
# let json = Yojson.Basic.from_file "book.json" ;; 
val json : Yojson.Basic.json =
  `Assoc
    [("title", `String "Real World OCaml");
     ("tags",
      `List
        [`String "functional programming"; `String "ocaml";
         `String "algorithms"]);
     ("pages", `Int 450);
     ("authors",
      `List
        [`Assoc
           [("name", `String "Jason Hickey");
            ("affiliation", `String "Google")];
         `Assoc
           [("name", `String "Anil Madhavapeddy");
            ("affiliation", `String "Cambridge")];
         `Assoc
           [("name", `String "Yaron Minsky");
            ("affiliation", `String "Jane Street")]]);
     ("is_online", `Bool true)]
